<?xml version="1.0" encoding="utf-8"?><testsuites name="pytest tests"><testsuite name="pytest" errors="0" failures="0" skipped="0" tests="44" time="6.883" timestamp="2026-06-03T13:39:07.260722+00:00" hostname="agent-env-bc0af34f-389f-4eb6-bcb1-3546c16cf5a0"><testcase classname="backend.tests.test_backend.TestHealth" name="test_health" time="0.132" /><testcase classname="backend.tests.test_backend.TestHealth" name="test_root" time="0.059" /><testcase classname="backend.tests.test_backend.TestHealth" name="test_branding_public" time="0.058" /><testcase classname="backend.tests.test_backend.TestAuth" name="test_admin_login" time="0.278" /><testcase classname="backend.tests.test_backend.TestAuth" name="test_employee_login" time="0.286" /><testcase classname="backend.tests.test_backend.TestAuth" name="test_wrong_password" time="0.282" /><testcase classname="backend.tests.test_backend.TestAuth" name="test_me_with_token" time="0.337" /><testcase classname="backend.tests.test_backend.TestAuth" name="test_me_no_token" time="0.119" /><testcase classname="backend.tests.test_backend.TestTournament" name="test_list_teams" time="0.053" /><testcase classname="backend.tests.test_backend.TestTournament" name="test_list_matches" time="0.058" /><testcase classname="backend.tests.test_backend.TestTournament" name="test_standings" time="0.057" /><testcase classname="backend.tests.test_backend.TestAdminUsers" name="test_create_user" time="0.566" /><testcase classname="backend.tests.test_backend.TestAdminUsers" name="test_patch_user" time="0.060" /><testcase classname="backend.tests.test_backend.TestAdminUsers" name="test_delete_user" time="0.058" /><testcase classname="backend.tests.test_backend.TestAdminUsers" name="test_csv_import" time="0.616" /><testcase classname="backend.tests.test_backend.TestAdminUsers" name="test_rbac_employee_cannot_create_user" time="0.058" /><testcase classname="backend.tests.test_backend.TestPredictions" name="test_create_prediction" time="0.113" /><testcase classname="backend.tests.test_backend.TestPredictions" name="test_update_prediction_idempotent" time="0.165" /><testcase classname="backend.tests.test_backend.TestPredictions" name="test_locked_match_returns_423" time="0.104" /><testcase classname="backend.tests.test_backend.TestPredictions" name="test_window_closed_blocks_prediction" time="0.222" /><testcase classname="backend.tests.test_backend.TestScoring" name="test_result_settles_predictions" time="0.316" /><testcase classname="backend.tests.test_backend.TestLeaderboard" name="test_global" time="0.070" /><testcase classname="backend.tests.test_backend.TestLeaderboard" name="test_me" time="0.060" /><testcase classname="backend.tests.test_backend.TestLeaderboard" name="test_dept_filter" time="0.054" /><testcase classname="backend.tests.test_backend.TestDashboard" name="test_dashboard" time="0.059" /><testcase classname="backend.tests.test_backend.TestContent" name="test_news_list" time="0.052" /><testcase classname="backend.tests.test_backend.TestContent" name="test_announcements_list" time="0.054" /><testcase classname="backend.tests.test_backend.TestContent" name="test_prizes_list" time="0.055" /><testcase classname="backend.tests.test_backend.TestContent" name="test_notifications_list" time="0.053" /><testcase classname="backend.tests.test_backend.TestContent" name="test_admin_create_news" time="0.105" /><testcase classname="backend.tests.test_backend.TestContent" name="test_employee_cannot_create_news" time="0.054" /><testcase classname="backend.tests.test_backend.TestContent" name="test_assign_winners" time="0.059" /><testcase classname="backend.tests.test_backend.TestAdminReports" name="test_overview" time="0.053" /><testcase classname="backend.tests.test_backend.TestAdminReports" name="test_departments" time="0.063" /><testcase classname="backend.tests.test_backend.TestAdminReports" name="test_accuracy" time="0.055" /><testcase classname="backend.tests.test_backend.TestAdminReports" name="test_employee_blocked_from_reports" time="0.059" /><testcase classname="backend.tests.test_backend.TestAdminReports" name="test_audit_logs" time="0.057" /><testcase classname="backend.tests.test_backend.TestAdminReports" name="test_audit_logs_login_failed_present" time="0.463" /><testcase classname="backend.tests.test_backend.TestAdminReports" name="test_scoring_settings_roundtrip" time="0.174" /><testcase classname="backend.tests.test_backend.TestRBAC" name="test_employee_cannot_access_admin_settings" time="0.057" /><testcase classname="backend.tests.test_backend.TestRBAC" name="test_employee_cannot_access_audit_logs" time="0.052" /><testcase classname="backend.tests.test_backend.TestZBruteForce" name="test_rate_limit_429" time="0.396" /><testcase classname="backend.tests.test_backend.TestZBruteForce" name="test_lockout_persists_even_with_correct_password" time="0.359" /><testcase classname="backend.tests.test_backend.TestZBruteForce" name="test_valid_login_still_works_after_xff_change" time="0.338" /></testsuite></testsuites>